Compiling the CXX compiler identification source file "CMakeCXXCompilerId.cpp" failed.
Compiler: CMAKE_CXX_COMPILER-NOTFOUND 
Build flags: 
Id flags:  

The output was:
No such file or directory


Compiling the CXX compiler identification source file "CMakeCXXCompilerId.cpp" failed.
Compiler: CMAKE_CXX_COMPILER-NOTFOUND 
Build flags: 
Id flags: -c 

The output was:
No such file or directory


Compiling the CXX compiler identification source file "CMakeCXXCompilerId.cpp" failed.
Compiler: CMAKE_CXX_COMPILER-NOTFOUND 
Build flags: 
Id flags: --c++ 

The output was:
No such file or directory


Compiling the CXX compiler identification source file "CMakeCXXCompilerId.cpp" failed.
Compiler: CMAKE_CXX_COMPILER-NOTFOUND 
Build flags: 
Id flags: --ec++ 

The output was:
No such file or directory


Compiling the CXX compiler identification source file "CMakeCXXCompilerId.cpp" failed.
Compiler: CMAKE_CXX_COMPILER-NOTFOUND 
Build flags: 
Id flags:  

The output was:
No such file or directory


Compiling the CXX compiler identification source file "CMakeCXXCompilerId.cpp" failed.
Compiler: CMAKE_CXX_COMPILER-NOTFOUND 
Build flags: 
Id flags: -c 

The output was:
No such file or directory


Compiling the CXX compiler identification source file "CMakeCXXCompilerId.cpp" failed.
Compiler: CMAKE_CXX_COMPILER-NOTFOUND 
Build flags: 
Id flags: --c++ 

The output was:
No such file or directory


Compiling the CXX compiler identification source file "CMakeCXXCompilerId.cpp" failed.
Compiler: CMAKE_CXX_COMPILER-NOTFOUND 
Build flags: 
Id flags: --ec++ 

The output was:
No such file or directory


Determining if the pthread_create exist failed with the following output:
Change Dir: /home/leonardo/Documents/TrabRedes/Trabalho-Final-Lab-Redes/bin/CMakeFiles/CMakeTmp

Run Build Command:"/usr/bin/make" "cmTC_21633/fast"
/usr/bin/make -f CMakeFiles/cmTC_21633.dir/build.make CMakeFiles/cmTC_21633.dir/build
make[1]: Entering directory '/home/leonardo/Documents/TrabRedes/Trabalho-Final-Lab-Redes/bin/CMakeFiles/CMakeTmp'
Building C object CMakeFiles/cmTC_21633.dir/CheckSymbolExists.c.o
/usr/bin/cc    -o CMakeFiles/cmTC_21633.dir/CheckSymbolExists.c.o   -c /home/leonardo/Documents/TrabRedes/Trabalho-Final-Lab-Redes/bin/CMakeFiles/CMakeTmp/CheckSymbolExists.c
Linking C executable cmTC_21633
/usr/bin/cmake -E cmake_link_script CMakeFiles/cmTC_21633.dir/link.txt --verbose=1
/usr/bin/cc      -rdynamic CMakeFiles/cmTC_21633.dir/CheckSymbolExists.c.o  -o cmTC_21633 
CMakeFiles/cmTC_21633.dir/CheckSymbolExists.c.o: In function `main':
CheckSymbolExists.c:(.text+0x1b): undefined reference to `pthread_create'
collect2: error: ld returned 1 exit status
CMakeFiles/cmTC_21633.dir/build.make:97: recipe for target 'cmTC_21633' failed
make[1]: *** [cmTC_21633] Error 1
make[1]: Leaving directory '/home/leonardo/Documents/TrabRedes/Trabalho-Final-Lab-Redes/bin/CMakeFiles/CMakeTmp'
Makefile:126: recipe for target 'cmTC_21633/fast' failed
make: *** [cmTC_21633/fast] Error 2

File /home/leonardo/Documents/TrabRedes/Trabalho-Final-Lab-Redes/bin/CMakeFiles/CMakeTmp/CheckSymbolExists.c:
/* */
#include <pthread.h>

int main(int argc, char** argv)
{
  (void)argv;
#ifndef pthread_create
  return ((int*)(&pthread_create))[argc];
#else
  (void)argc;
  return 0;
#endif
}

